remove mkl/2021.4 (LD_LIBRARY_PATH)
remove impi/2021.4 (PATH, MANPATH, LD_LIBRARY_PATH)

The following have been reloaded with a version change:
  1) matplotlib/3.4.3-foss-2019b-Python-3.7.4 => matplotlib/3.1.1-foss-2019b-Python-3.7.4

[I 2023-11-28 10:05:37.700 ServerApp] jupyterlab | extension was successfully linked.
[I 2023-11-28 10:05:38.050 LabApp] JupyterLab extension loaded from /gpfs/projects/bsc32/software/suselinux/11/software/jupyterlab/3.0.9-foss-2019b-Python-3.7.4/lib/python3.7/site-packages/jupyterlab
[I 2023-11-28 10:05:38.050 LabApp] JupyterLab application directory is /.statelite/tmpfs/gpfs/projects/bsc32/software/suselinux/11/software/jupyterlab/3.0.9-foss-2019b-Python-3.7.4/share/jupyter/lab
[I 2023-11-28 10:05:38.057 ServerApp] jupyterlab | extension was successfully loaded.
[I 2023-11-28 10:05:38.057 ServerApp] Serving notebooks from local directory: /.statelite/tmpfs/gpfs/archive/bsc32/esarchive/obs/ghost/scripts/Providentia-interactive
[I 2023-11-28 10:05:38.057 ServerApp] Jupyter Server 1.4.1 is running at:
[I 2023-11-28 10:05:38.057 ServerApp] http://s05r1b37:9933/lab?token=5f10978f393e14a2cc35261e44b484a06c2a42bc05dfe750
[I 2023-11-28 10:05:38.057 ServerApp]  or http://127.0.0.1:9933/lab?token=5f10978f393e14a2cc35261e44b484a06c2a42bc05dfe750
[I 2023-11-28 10:05:38.057 ServerApp] Use Control-C to stop this server and shut down all kernels (twice to skip confirmation).
[C 2023-11-28 10:05:38.068 ServerApp] 
    
    To access the server, open this file in a browser:
        file:///.statelite/tmpfs/gpfs/home/bsc32/bsc32025/.local/share/jupyter/runtime/jpserver-2646018-open.html
    Or copy and paste one of these URLs:
        http://s05r1b37:9933/lab?token=5f10978f393e14a2cc35261e44b484a06c2a42bc05dfe750
     or http://127.0.0.1:9933/lab?token=5f10978f393e14a2cc35261e44b484a06c2a42bc05dfe750
[I 2023-11-28 10:06:20.694 LabApp] Build is up to date
[I 2023-11-28 10:06:22.967 ServerApp] Kernel started: af3cfb78-56f6-4944-98ca-e03fc5cb1343
[W 2023-11-28 10:06:28.868 ServerApp] Got events for closed stream None
[I 2023-11-28 10:06:41.763 ServerApp] Kernel interrupted: af3cfb78-56f6-4944-98ca-e03fc5cb1343
[I 2023-11-28 10:07:08.152 ServerApp] Kernel restarted: af3cfb78-56f6-4944-98ca-e03fc5cb1343
[I 2023-11-28 10:07:16.625 ServerApp] Kernel restarted: af3cfb78-56f6-4944-98ca-e03fc5cb1343
[I 2023-11-28 10:07:24.422 ServerApp] Kernel restarted: af3cfb78-56f6-4944-98ca-e03fc5cb1343
[I 2023-11-28 10:07:26.069 ServerApp] Kernel interrupted: af3cfb78-56f6-4944-98ca-e03fc5cb1343
[I 2023-11-28 10:07:32.771 ServerApp] Kernel interrupted: af3cfb78-56f6-4944-98ca-e03fc5cb1343
[I 2023-11-28 10:07:50.830 ServerApp] Kernel restarted: af3cfb78-56f6-4944-98ca-e03fc5cb1343
[I 2023-11-28 10:08:22.714 ServerApp] Saving file at /notebooks/test_interactive.ipynb
[I 2023-11-28 10:09:12.835 ServerApp] Kernel restarted: af3cfb78-56f6-4944-98ca-e03fc5cb1343
[I 2023-11-28 10:09:14.015 ServerApp] Kernel interrupted: af3cfb78-56f6-4944-98ca-e03fc5cb1343
Traceback (most recent call last):
  File "<frozen importlib._bootstrap_external>", line 87, in _path_is_mode_type
  File "<frozen importlib._bootstrap_external>", line 81, in _path_stat
FileNotFoundError: [Errno 2] No such file or directory: '/gpfs/projects/bsc32/software/suselinux/11/software/IPython/7.9.0-foss-2019b-Python-3.7.4/lib/python3.7/site-packages/IPython/core/__init__.cpython-37m-x86_64-linux-gnu.so'

During handling of the above exception, another exception occurred:

Traceback (most recent call last):
  File "/gpfs/projects/bsc32/software/suselinux/11/software/Python/3.7.4-GCCcore-8.3.0/lib/python3.7/runpy.py", line 193, in _run_module_as_main
    "__main__", mod_spec)
  File "/gpfs/projects/bsc32/software/suselinux/11/software/Python/3.7.4-GCCcore-8.3.0/lib/python3.7/runpy.py", line 85, in _run_code
    exec(code, run_globals)
  File "/gpfs/projects/bsc32/software/suselinux/11/software/jupyterlab/3.0.9-foss-2019b-Python-3.7.4/lib/python3.7/site-packages/ipykernel_launcher.py", line 15, in <module>
    from ipykernel import kernelapp as app
  File "/gpfs/projects/bsc32/software/suselinux/11/software/jupyterlab/3.0.9-foss-2019b-Python-3.7.4/lib/python3.7/site-packages/ipykernel/__init__.py", line 2, in <module>
    from .connect import *
  File "/gpfs/projects/bsc32/software/suselinux/11/software/jupyterlab/3.0.9-foss-2019b-Python-3.7.4/lib/python3.7/site-packages/ipykernel/connect.py", line 11, in <module>
    from IPython.core.profiledir import ProfileDir
  File "/gpfs/projects/bsc32/software/suselinux/11/software/IPython/7.9.0-foss-2019b-Python-3.7.4/lib/python3.7/site-packages/IPython/__init__.py", line 52, in <module>
    from .core.getipython import get_ipython
  File "<frozen importlib._bootstrap>", line 983, in _find_and_load
  File "<frozen importlib._bootstrap>", line 963, in _find_and_load_unlocked
  File "<frozen importlib._bootstrap>", line 906, in _find_spec
  File "<frozen importlib._bootstrap_external>", line 1280, in find_spec
  File "<frozen importlib._bootstrap_external>", line 1252, in _get_spec
  File "<frozen importlib._bootstrap_external>", line 1383, in find_spec
  File "<frozen importlib._bootstrap_external>", line 95, in _path_isfile
  File "<frozen importlib._bootstrap_external>", line 87, in _path_is_mode_type
KeyboardInterrupt
[I 2023-11-28 10:09:15.836 ServerApp] AsyncIOLoopKernelRestarter: restarting kernel (1/5), keep random ports
kernel af3cfb78-56f6-4944-98ca-e03fc5cb1343 restarted
kernel af3cfb78-56f6-4944-98ca-e03fc5cb1343 restarted
[W 2023-11-28 10:09:15.865 ServerApp] Replacing stale connection: af3cfb78-56f6-4944-98ca-e03fc5cb1343:6b7bc740-4447-4637-a68b-23f8f0d86395
[W 2023-11-28 10:09:15.872 ServerApp] Got events for closed stream None
[W 2023-11-28 10:09:15.872 ServerApp] Got events for closed stream None
[W 2023-11-28 10:09:15.872 ServerApp] Got events for closed stream None
[W 2023-11-28 10:09:15.872 ServerApp] Got events for closed stream None
[W 2023-11-28 10:09:15.872 ServerApp] Got events for closed stream None
[W 2023-11-28 10:09:15.873 ServerApp] Got events for closed stream None
[W 2023-11-28 10:09:15.873 ServerApp] Got events for closed stream None
[W 2023-11-28 10:09:15.873 ServerApp] Got events for closed stream None
[W 2023-11-28 10:09:20.373 ServerApp] Nudge: attempt 10 on kernel af3cfb78-56f6-4944-98ca-e03fc5cb1343
[W 2023-11-28 10:09:20.383 ServerApp] Nudge: attempt 10 on kernel af3cfb78-56f6-4944-98ca-e03fc5cb1343
[W 2023-11-28 10:09:25.383 ServerApp] Nudge: attempt 20 on kernel af3cfb78-56f6-4944-98ca-e03fc5cb1343
[W 2023-11-28 10:09:25.394 ServerApp] Nudge: attempt 20 on kernel af3cfb78-56f6-4944-98ca-e03fc5cb1343
[I 2023-11-28 10:10:24.337 ServerApp] Saving file at /notebooks/test_interactive.ipynb
[I 2023-11-28 10:29:12.355 ServerApp] Saving file at /notebooks/test_interactive.ipynb
[I 2023-11-28 10:31:12.496 ServerApp] Saving file at /notebooks/test_interactive.ipynb
[W 2023-11-28 11:06:49.456 ServerApp] 404 GET /apple-touch-icon-precomposed.png (10.2.9.201) 47.20ms referer=None
[W 2023-11-28 11:06:49.464 ServerApp] 404 GET /apple-touch-icon.png (10.2.9.201) 1.07ms referer=None
[W 2023-11-28 11:06:49.536 ServerApp] 404 GET /apple-touch-icon-precomposed.png (10.2.9.201) 1.01ms referer=None
[W 2023-11-28 11:06:49.541 ServerApp] 404 GET /apple-touch-icon.png (10.2.9.201) 1.01ms referer=None
[I 2023-11-28 11:12:51.943 ServerApp] Kernel restarted: af3cfb78-56f6-4944-98ca-e03fc5cb1343
[W 2023-11-28 11:12:56.496 ServerApp] Nudge: attempt 10 on kernel af3cfb78-56f6-4944-98ca-e03fc5cb1343
[I 2023-11-28 11:13:42.892 ServerApp] Starting buffering for af3cfb78-56f6-4944-98ca-e03fc5cb1343:6b7bc740-4447-4637-a68b-23f8f0d86395
slurmstepd: error: *** JOB 2621039 ON s05r1b37 CANCELLED AT 2023-11-28T11:14:12 ***
